<?xml version="1.0" encoding="UTF-8"?>
<!-- Generated by org.testng.reporters.JUnitXMLReporter -->
<testsuite hostname="MSSPAD1039" ignored="0" name="Test" tests="4" failures="4" timestamp="2023-04-08T20:16:21 IST" time="3.582" errors="0">
  <testcase name="createUser" time="3.463" classname="Chainning.CreateUser">
    <failure type="java.lang.NumberFormatException" message="For input string: &amp;quot;[null, null, null]&amp;quot;">
      <![CDATA[java.lang.NumberFormatException: For input string: "[null, null, null]"
at java.lang.NumberFormatException.forInputString(NumberFormatException.java:65)
at java.lang.Integer.parseInt(Integer.java:580)
at java.lang.Integer.parseInt(Integer.java:615)
at java_lang_Integer$parseInt.call(Unknown Source)
at org.codehaus.groovy.runtime.callsite.CallSiteArray.defaultCall(CallSiteArray.java:45)
at org.codehaus.groovy.runtime.callsite.AbstractCallSite.call(AbstractCallSite.java:125)
at org.codehaus.groovy.runtime.callsite.AbstractCallSite.call(AbstractCallSite.java:139)
at io.restassured.internal.common.path.ObjectConverter.convertObjectTo(ObjectConverter.groovy:29)
at io.restassured.path.json.JsonPath.getInt(JsonPath.java:245)
at Chainning.CreateUser.createUser(CreateUser.java:33)
at java.util.ArrayList.forEach(ArrayList.java:1255)
... Removed 27 stack frames]]>
    </failure>
  </testcase> <!-- createUser -->
  <testcase name="getId" time="0.001" classname="Chainning.GetUser">
    <failure type="java.lang.NullPointerException">
      <![CDATA[java.lang.NullPointerException
at Chainning.GetUser.getId(GetUser.java:14)
at java.util.ArrayList.forEach(ArrayList.java:1255)
... Removed 27 stack frames]]>
    </failure>
  </testcase> <!-- getId -->
  <testcase name="updateUser" time="0.043" classname="Chainning.UpdateUser">
    <failure type="java.lang.NullPointerException">
      <![CDATA[java.lang.NullPointerException
at Chainning.UpdateUser.updateUser(UpdateUser.java:24)
at java.util.ArrayList.forEach(ArrayList.java:1255)
... Removed 27 stack frames]]>
    </failure>
  </testcase> <!-- updateUser -->
  <testcase name="deleteUser" time="0.001" classname="Chainning.DeleteUser">
    <failure type="java.lang.NullPointerException">
      <![CDATA[java.lang.NullPointerException
at Chainning.DeleteUser.deleteUser(DeleteUser.java:17)
at java.util.ArrayList.forEach(ArrayList.java:1255)
... Removed 27 stack frames]]>
    </failure>
  </testcase> <!-- deleteUser -->
</testsuite> <!-- Test -->
